
Thu 14 Mar 2024 05:19:05 PM UTC: 
 exercises.c | 72 ++++++++++++++++++++++++++++++++++++++++++++++++++++++++-----
 1 file changed, 67 insertions(+), 5 deletions(-)
In file included from test.c:1:
exercises.c: In function ‘inicializarLibro’:
exercises.c:116:12: error: ‘libro’ redeclared as different kind of symbol
  116 |     Libro *libro = (Libro *)malloc(sizeof(Libro));
      |            ^~~~~
exercises.c:113:30: note: previous definition of ‘libro’ with type ‘Libro *’
  113 | void inicializarLibro(Libro *libro, const char *titulo, const char *nombreAutor,
      |                       ~~~~~~~^~~~~
exercises.c:123:20: error: incompatible types when assigning to type ‘Autor’ from type ‘Autor *’
  123 |     libro->autor = (Autor *)malloc(sizeof(Autor));
      |                    ^
exercises.c:125:22: error: invalid operands to binary == (have ‘Autor’ and ‘void *’)
  125 |     if (libro->autor == NULL) exit(EXIT_FAILURE);
      |         ~~~~~~~~~~~~ ^~
      |              |
      |              Autor
exercises.c:127:24: error: invalid type argument of ‘->’ (have ‘Autor’)
  127 |     strcpy(libro->autor->nombre, nombreAutor);
      |                        ^~
exercises.c:128:12: error: ‘Libro’ has no member named ‘Autor’; did you mean ‘autor’?
  128 |     libro->Autor->anioNacimiento = anioNacimiento;
      |            ^~~~~
      |            autor
Compilation failed
ce4c72c
Thu 14 Mar 2024 05:20:17 PM UTC: 
 exercises.c | 2 +-
 1 file changed, 1 insertion(+), 1 deletion(-)
In file included from test.c:1:
exercises.c: In function ‘inicializarLibro’:
exercises.c:116:11: error: ‘libro’ redeclared as different kind of symbol
  116 |     Libro libro = (Libro *)malloc(sizeof(Libro));
      |           ^~~~~
exercises.c:113:30: note: previous definition of ‘libro’ with type ‘Libro *’
  113 | void inicializarLibro(Libro *libro, const char *titulo, const char *nombreAutor,
      |                       ~~~~~~~^~~~~
exercises.c:116:19: error: invalid initializer
  116 |     Libro libro = (Libro *)malloc(sizeof(Libro));
      |                   ^
exercises.c:118:15: error: invalid operands to binary == (have ‘Libro’ and ‘void *’)
  118 |     if (libro == NULL) exit(EXIT_FAILURE);
      |               ^~
exercises.c:120:17: error: invalid type argument of ‘->’ (have ‘Libro’)
  120 |     strcpy(libro->titulo, titulo);
      |                 ^~
exercises.c:121:10: error: invalid type argument of ‘->’ (have ‘Libro’)
  121 |     libro->anioPublicacion = anioPublicacion;
      |          ^~
exercises.c:123:10: error: invalid type argument of ‘->’ (have ‘Libro’)
  123 |     libro->autor = (Autor *)malloc(sizeof(Autor));
      |          ^~
exercises.c:125:14: error: invalid type argument of ‘->’ (have ‘Libro’)
  125 |     if (libro->autor == NULL) exit(EXIT_FAILURE);
      |              ^~
exercises.c:127:17: error: invalid type argument of ‘->’ (have ‘Libro’)
  127 |     strcpy(libro->autor->nombre, nombreAutor);
      |                 ^~
exercises.c:128:10: error: invalid type argument of ‘->’ (have ‘Libro’)
  128 |     libro->Autor->anioNacimiento = anioNacimiento;
      |          ^~
Compilation failed
13c12dd
Thu 14 Mar 2024 05:21:06 PM UTC: 
 exercises.c | 2 +-
 1 file changed, 1 insertion(+), 1 deletion(-)
In file included from test.c:1:
exercises.c: In function ‘inicializarLibro’:
exercises.c:116:13: error: ‘libro’ redeclared as different kind of symbol
  116 |     Libro (*libro) = (Libro *)malloc(sizeof(Libro));
      |             ^~~~~
exercises.c:113:30: note: previous definition of ‘libro’ with type ‘Libro *’
  113 | void inicializarLibro(Libro *libro, const char *titulo, const char *nombreAutor,
      |                       ~~~~~~~^~~~~
exercises.c:123:20: error: incompatible types when assigning to type ‘Autor’ from type ‘Autor *’
  123 |     libro->autor = (Autor *)malloc(sizeof(Autor));
      |                    ^
exercises.c:125:22: error: invalid operands to binary == (have ‘Autor’ and ‘void *’)
  125 |     if (libro->autor == NULL) exit(EXIT_FAILURE);
      |         ~~~~~~~~~~~~ ^~
      |              |
      |              Autor
exercises.c:127:24: error: invalid type argument of ‘->’ (have ‘Autor’)
  127 |     strcpy(libro->autor->nombre, nombreAutor);
      |                        ^~
exercises.c:128:12: error: ‘Libro’ has no member named ‘Autor’; did you mean ‘autor’?
  128 |     libro->Autor->anioNacimiento = anioNacimiento;
      |            ^~~~~
      |            autor
Compilation failed
c5a2dfc
Thu 14 Mar 2024 05:22:18 PM UTC: 
 exercises.c | 2 +-
 1 file changed, 1 insertion(+), 1 deletion(-)
In file included from test.c:1:
exercises.c: In function ‘inicializarLibro’:
exercises.c:116:14: error: incompatible types when assigning to type ‘Libro’ from type ‘Libro *’
  116 |     *libro = (Libro *)malloc(sizeof(Libro));
      |              ^
exercises.c:123:20: error: incompatible types when assigning to type ‘Autor’ from type ‘Autor *’
  123 |     libro->autor = (Autor *)malloc(sizeof(Autor));
      |                    ^
exercises.c:125:22: error: invalid operands to binary == (have ‘Autor’ and ‘void *’)
  125 |     if (libro->autor == NULL) exit(EXIT_FAILURE);
      |         ~~~~~~~~~~~~ ^~
      |              |
      |              Autor
exercises.c:127:24: error: invalid type argument of ‘->’ (have ‘Autor’)
  127 |     strcpy(libro->autor->nombre, nombreAutor);
      |                        ^~
exercises.c:128:12: error: ‘Libro’ has no member named ‘Autor’; did you mean ‘autor’?
  128 |     libro->Autor->anioNacimiento = anioNacimiento;
      |            ^~~~~
      |            autor
Compilation failed
262d768
Thu 14 Mar 2024 05:24:32 PM UTC: 
 exercises.c | 2 +-
 1 file changed, 1 insertion(+), 1 deletion(-)
In file included from test.c:1:
exercises.c: In function ‘inicializarLibro’:
exercises.c:116:12: error: ‘libro’ redeclared as different kind of symbol
  116 |     Libro* libro = (Libro *)malloc(sizeof(Libro));
      |            ^~~~~
exercises.c:113:30: note: previous definition of ‘libro’ with type ‘Libro *’
  113 | void inicializarLibro(Libro *libro, const char *titulo, const char *nombreAutor,
      |                       ~~~~~~~^~~~~
exercises.c:123:20: error: incompatible types when assigning to type ‘Autor’ from type ‘Autor *’
  123 |     libro->autor = (Autor *)malloc(sizeof(Autor));
      |                    ^
exercises.c:125:22: error: invalid operands to binary == (have ‘Autor’ and ‘void *’)
  125 |     if (libro->autor == NULL) exit(EXIT_FAILURE);
      |         ~~~~~~~~~~~~ ^~
      |              |
      |              Autor
exercises.c:127:24: error: invalid type argument of ‘->’ (have ‘Autor’)
  127 |     strcpy(libro->autor->nombre, nombreAutor);
      |                        ^~
exercises.c:128:12: error: ‘Libro’ has no member named ‘Autor’; did you mean ‘autor’?
  128 |     libro->Autor->anioNacimiento = anioNacimiento;
      |            ^~~~~
      |            autor
Compilation failed
631e5b1
Thu 14 Mar 2024 05:24:55 PM UTC: 
 exercises.c | 2 +-
 1 file changed, 1 insertion(+), 1 deletion(-)
In file included from test.c:1:
exercises.c: In function ‘inicializarLibro’:
exercises.c:123:20: error: incompatible types when assigning to type ‘Autor’ from type ‘Autor *’
  123 |     libro->autor = (Autor *)malloc(sizeof(Autor));
      |                    ^
exercises.c:125:22: error: invalid operands to binary == (have ‘Autor’ and ‘void *’)
  125 |     if (libro->autor == NULL) exit(EXIT_FAILURE);
      |         ~~~~~~~~~~~~ ^~
      |              |
      |              Autor
exercises.c:127:24: error: invalid type argument of ‘->’ (have ‘Autor’)
  127 |     strcpy(libro->autor->nombre, nombreAutor);
      |                        ^~
exercises.c:128:12: error: ‘Libro’ has no member named ‘Autor’; did you mean ‘autor’?
  128 |     libro->Autor->anioNacimiento = anioNacimiento;
      |            ^~~~~
      |            autor
Compilation failed
34ffb54
Thu 14 Mar 2024 05:26:24 PM UTC: 
 exercises.c | 4 ++--
 1 file changed, 2 insertions(+), 2 deletions(-)
In file included from test.c:1:
exercises.c: In function ‘inicializarLibro’:
exercises.c:123:20: error: incompatible types when assigning to type ‘Autor’ from type ‘Autor *’
  123 |     libro->autor = (Autor *)malloc(sizeof(Autor));
      |                    ^
exercises.c:127:24: error: invalid type argument of ‘->’ (have ‘Autor’)
  127 |     strcpy(libro->autor->nombre, nombreAutor);
      |                        ^~
exercises.c:128:17: error: invalid type argument of ‘->’ (have ‘Autor’)
  128 |     libro->autor->anioNacimiento = anioNacimiento;
      |                 ^~
Compilation failed
2d74acc
Thu 14 Mar 2024 05:27:21 PM UTC: 
 exercises.c | 4 ++--
 1 file changed, 2 insertions(+), 2 deletions(-)
In file included from test.c:1:
exercises.c: In function ‘inicializarLibro’:
exercises.c:123:20: error: incompatible types when assigning to type ‘Autor’ from type ‘Autor *’
  123 |     libro->autor = (Autor *)malloc(sizeof(Autor));
      |                    ^
exercises.c:127:19: error: ‘Libro’ has no member named ‘Autor’; did you mean ‘autor’?
  127 |     strcpy(libro->Autor->nombre, nombreAutor);
      |                   ^~~~~
      |                   autor
exercises.c:128:12: error: ‘Libro’ has no member named ‘Autor’; did you mean ‘autor’?
  128 |     libro->Autor->anioNacimiento = anioNacimiento;
      |            ^~~~~
      |            autor
Compilation failed
c18d5a9
Thu 14 Mar 2024 05:28:23 PM UTC: 
 exercises.c | 4 ++--
 1 file changed, 2 insertions(+), 2 deletions(-)
In file included from test.c:1:
exercises.c: In function ‘inicializarLibro’:
exercises.c:123:20: error: incompatible types when assigning to type ‘Autor’ from type ‘Autor *’
  123 |     libro->autor = (Autor *)malloc(sizeof(Autor));
      |                    ^
Compilation failed
a1ca407
Thu 14 Mar 2024 05:28:50 PM UTC: 
 exercises.c | 2 +-
 1 file changed, 1 insertion(+), 1 deletion(-)
In file included from test.c:1:
exercises.c: In function ‘inicializarLibro’:
exercises.c:123:21: error: ‘autor’ undeclared (first use in this function); did you mean ‘Autor’?
  123 |     libro->autor = (autor *)malloc(sizeof(autor));
      |                     ^~~~~
      |                     Autor
exercises.c:123:21: note: each undeclared identifier is reported only once for each function it appears in
exercises.c:123:28: error: expected expression before ‘)’ token
  123 |     libro->autor = (autor *)malloc(sizeof(autor));
      |                            ^
Compilation failed
45a87a3
Thu 14 Mar 2024 05:38:32 PM UTC: 
 exercises.c | 32 ++++++++++++++++++++++++++++----
 1 file changed, 28 insertions(+), 4 deletions(-)
In file included from test.c:1:
exercises.c: In function ‘inicializarLibro’:
exercises.c:148:22: error: expected expression before ‘Autor’
  148 |     libro->autor = (*Autor) malloc(sizeof(Autor));
      |                      ^~~~~
exercises.c:148:28: error: expected ‘;’ before ‘malloc’
  148 |     libro->autor = (*Autor) malloc(sizeof(Autor));
      |                            ^~~~~~~
      |                            ;
exercises.c:149:22: error: invalid operands to binary == (have ‘Autor’ and ‘void *’)
  149 |     if (libro->autor == NULL) exit(EXIT_FAILURE);
      |         ~~~~~~~~~~~~ ^~
      |              |
      |              Autor
Compilation failed
a3a4369
Thu 14 Mar 2024 05:39:46 PM UTC: 
 exercises.c | 4 ----
 1 file changed, 4 deletions(-)
 tests:  0|5
total_score: 20/70
38c134f
Thu 14 Mar 2024 05:43:04 PM UTC: 
 exercises.c | 2 +-
 1 file changed, 1 insertion(+), 1 deletion(-)
 tests:  0|5
total_score: 20/70
b244755
Thu 14 Mar 2024 05:55:12 PM UTC: 
 exercises.c | 9 +++------
 1 file changed, 3 insertions(+), 6 deletions(-)
 tests:  0|5
total_score: 20/70
392f9b9
Thu 14 Mar 2024 06:04:28 PM UTC: 
 exercises.c | 10 +++++-----
 1 file changed, 5 insertions(+), 5 deletions(-)
In file included from test.c:1:
exercises.c: In function ‘reverseArray’:
exercises.c:36:34: error: expected statement before ‘)’ token
   36 |   for(int i = 0; i < size/2; i++))
      |                                  ^
exercises.c:38:17: error: ‘i’ undeclared (first use in this function)
   38 |       aux = arr[i];
      |                 ^
exercises.c:38:17: note: each undeclared identifier is reported only once for each function it appears in
Compilation failed
6838243
Thu 14 Mar 2024 06:04:50 PM UTC: 
 exercises.c | 2 +-
 1 file changed, 1 insertion(+), 1 deletion(-)
 tests:  0|4
total_score: 30/70
d423781
Thu 14 Mar 2024 06:09:16 PM UTC: 
 exercises.c | 2 --
 1 file changed, 2 deletions(-)
 tests:  0|4
total_score: 30/70
56efbc2
Thu 14 Mar 2024 06:11:30 PM UTC: 
 exercises.c | 2 +-
 1 file changed, 1 insertion(+), 1 deletion(-)
 tests:  0|4
total_score: 30/70
9192700
Thu 14 Mar 2024 06:19:43 PM UTC: 
 exercises.c | 9 ++++-----
 1 file changed, 4 insertions(+), 5 deletions(-)
In file included from test.c:1:
exercises.c: In function ‘filterEvenNumbers’:
exercises.c:54:8: error: ‘newSize’ redeclared as different kind of symbol
   54 |   int *newSize = 0;
      |        ^~~~~~~
exercises.c:52:50: note: previous definition of ‘newSize’ with type ‘int *’
   52 | int *filterEvenNumbers(int arr[], int size, int *newSize)
      |                                             ~~~~~^~~~~~~
Compilation failed
dabbf21
Thu 14 Mar 2024 06:19:59 PM UTC: 
 exercises.c | 2 +-
 1 file changed, 1 insertion(+), 1 deletion(-)
 tests:  0|0
489cf9a
Thu 14 Mar 2024 06:21:55 PM UTC: 
 exercises.c | 7 +++++++
 1 file changed, 7 insertions(+)
 tests:  0|4
fe46020
